<?xml version="1.0" encoding="UTF-8"?>
<testng-results ignored="0" total="40" passed="38" failed="2" skipped="0">
  <reporter-output>
  </reporter-output>
  <suite started-at="2024-03-21T08:51:24 IST" name="Suite" finished-at="2024-03-21T08:52:25 IST" duration-ms="61388">
    <groups>
    </groups>
    <test started-at="2024-03-21T08:51:24 IST" name="Test" finished-at="2024-03-21T08:52:25 IST" duration-ms="61388">
      <class name="testCases.TC_3_18_LoanAmtCalculator_IntegressionTestingForInterestRateTextBoxAndSlider">
        <test-method signature="validatingDataFlowBetweenInterestRateSliderAndTextBox()[pri:0, instance:testCases.TC_3_18_LoanAmtCalculator_IntegressionTestingForInterestRateTextBoxAndSlider@74e52ef6]" started-at="2024-03-21T08:52:00 IST" name="validatingDataFlowBetweenInterestRateSliderAndTextBox" finished-at="2024-03-21T08:52:01 IST" duration-ms="1544" status="PASS">
          <reporter-output>
          </reporter-output>
        </test-method> <!-- validatingDataFlowBetweenInterestRateSliderAndTextBox -->
      </class> <!-- testCases.TC_3_18_LoanAmtCalculator_IntegressionTestingForInterestRateTextBoxAndSlider -->
      <class name="testCases.TC_3_36_LoanTenure_CalculatorIntegressionTestingForFeesAndChargesTextBoxAndSlider">
        <test-method signature="validatingDataFlowBetweenFeesAndChargesSliderAndTextBox()[pri:0, instance:testCases.TC_3_36_LoanTenure_CalculatorIntegressionTestingForFeesAndChargesTextBoxAndSlider@40005471]" started-at="2024-03-21T08:52:20 IST" name="validatingDataFlowBetweenFeesAndChargesSliderAndTextBox" finished-at="2024-03-21T08:52:22 IST" duration-ms="1670" status="PASS">
          <reporter-output>
          </reporter-output>
        </test-method> <!-- validatingDataFlowBetweenFeesAndChargesSliderAndTextBox -->
      </class> <!-- testCases.TC_3_36_LoanTenure_CalculatorIntegressionTestingForFeesAndChargesTextBoxAndSlider -->
      <class name="testCases.TC_3_20_LoanAmtCalculator_ValidatingLoanTenureSlider">
        <test-method signature="validateLoanTenureSlider()[pri:0, instance:testCases.TC_3_20_LoanAmtCalculator_ValidatingLoanTenureSlider@1a677343]" started-at="2024-03-21T08:52:02 IST" name="validateLoanTenureSlider" finished-at="2024-03-21T08:52:03 IST" duration-ms="689" status="PASS">
          <reporter-output>
          </reporter-output>
        </test-method> <!-- validateLoanTenureSlider -->
      </class> <!-- testCases.TC_3_20_LoanAmtCalculator_ValidatingLoanTenureSlider -->
      <class name="testCases.TC_3_07_EMICalculator_ValidatingLoanTenureTextBox">
        <test-method signature="validateLoanTenureTextBox()[pri:0, instance:testCases.TC_3_07_EMICalculator_ValidatingLoanTenureTextBox@1e800aaa]" started-at="2024-03-21T08:51:49 IST" name="validateLoanTenureTextBox" finished-at="2024-03-21T08:51:49 IST" duration-ms="601" status="PASS">
          <reporter-output>
          </reporter-output>
        </test-method> <!-- validateLoanTenureTextBox -->
      </class> <!-- testCases.TC_3_07_EMICalculator_ValidatingLoanTenureTextBox -->
      <class name="testCases.TC_3_19_LoanAmtCalculator_ValidatingLoanTenureTextBox">
        <test-method signature="validateLoanTenureTextBox()[pri:0, instance:testCases.TC_3_19_LoanAmtCalculator_ValidatingLoanTenureTextBox@6ed3ccb2]" started-at="2024-03-21T08:52:02 IST" name="validateLoanTenureTextBox" finished-at="2024-03-21T08:52:02 IST" duration-ms="592" status="PASS">
          <reporter-output>
          </reporter-output>
        </test-method> <!-- validateLoanTenureTextBox -->
      </class> <!-- testCases.TC_3_19_LoanAmtCalculator_ValidatingLoanTenureTextBox -->
      <class name="testCases.TC_3_31_LoanTenureCalculator_ValidatingInterestRateTextBox">
        <test-method signature="validateInterestRateTextBox()[pri:0, instance:testCases.TC_3_31_LoanTenureCalculator_ValidatingInterestRateTextBox@4e08711f]" started-at="2024-03-21T08:52:15 IST" name="validateInterestRateTextBox" finished-at="2024-03-21T08:52:16 IST" duration-ms="791" status="PASS">
          <reporter-output>
          </reporter-output>
        </test-method> <!-- validateInterestRateTextBox -->
      </class> <!-- testCases.TC_3_31_LoanTenureCalculator_ValidatingInterestRateTextBox -->
      <class name="testCases.TC_3_21_LoanAmtCalculator_IntegressionTestingForLoanTenureTextBoxAndSlider">
        <test-method signature="validatingDataFlowBetweenLoanTenureSliderAndTextBox()[pri:0, instance:testCases.TC_3_21_LoanAmtCalculator_IntegressionTestingForLoanTenureTextBoxAndSlider@15de0b3c]" started-at="2024-03-21T08:52:03 IST" name="validatingDataFlowBetweenLoanTenureSliderAndTextBox" finished-at="2024-03-21T08:52:05 IST" duration-ms="1488" status="PASS">
          <reporter-output>
          </reporter-output>
        </test-method> <!-- validatingDataFlowBetweenLoanTenureSliderAndTextBox -->
      </class> <!-- testCases.TC_3_21_LoanAmtCalculator_IntegressionTestingForLoanTenureTextBoxAndSlider -->
      <class name="testCases.TC_3_35_LoanTenureCalculator_ValidatingFeesAndChargesSlider">
        <test-method signature="validateFeesAndChargesSlider()[pri:0, instance:testCases.TC_3_35_LoanTenureCalculator_ValidatingFeesAndChargesSlider@3d285d7e]" started-at="2024-03-21T08:52:20 IST" name="validateFeesAndChargesSlider" finished-at="2024-03-21T08:52:20 IST" duration-ms="704" status="PASS">
          <reporter-output>
          </reporter-output>
        </test-method> <!-- validateFeesAndChargesSlider -->
      </class> <!-- testCases.TC_3_35_LoanTenureCalculator_ValidatingFeesAndChargesSlider -->
      <class name="testCases.TC_3_32_LoanTenureCalculator_ValidatingInterestRateSlider">
        <test-method signature="validatingInterestRateSlider()[pri:0, instance:testCases.TC_3_32_LoanTenureCalculator_ValidatingInterestRateSlider@bcec361]" started-at="2024-03-21T08:52:16 IST" name="validatingInterestRateSlider" finished-at="2024-03-21T08:52:17 IST" duration-ms="715" status="PASS">
          <reporter-output>
          </reporter-output>
        </test-method> <!-- validatingInterestRateSlider -->
      </class> <!-- testCases.TC_3_32_LoanTenureCalculator_ValidatingInterestRateSlider -->
      <class name="testCases.TC_3_34_LoanTenureCalculator_ValidatingFeesAndChargesTextBox">
        <test-method signature="validateFeesAndChargesTextBox()[pri:0, instance:testCases.TC_3_34_LoanTenureCalculator_ValidatingFeesAndChargesTextBox@302552ec]" started-at="2024-03-21T08:52:19 IST" name="validateFeesAndChargesTextBox" finished-at="2024-03-21T08:52:19 IST" duration-ms="657" status="PASS">
          <reporter-output>
          </reporter-output>
        </test-method> <!-- validateFeesAndChargesTextBox -->
      </class> <!-- testCases.TC_3_34_LoanTenureCalculator_ValidatingFeesAndChargesTextBox -->
      <class name="testCases.TC_3_29_LoanTenureCalculator_ValidatingEMISlider">
        <test-method signature="validatingEMISlider()[pri:0, instance:testCases.TC_3_29_LoanTenureCalculator_ValidatingEMISlider@4d1c00d0]" started-at="2024-03-21T08:52:12 IST" name="validatingEMISlider" finished-at="2024-03-21T08:52:13 IST" duration-ms="662" status="PASS">
          <reporter-output>
          </reporter-output>
        </test-method> <!-- validatingEMISlider -->
      </class> <!-- testCases.TC_3_29_LoanTenureCalculator_ValidatingEMISlider -->
      <class name="testCases.TC_3_05_EMICalculator_ValidatingInterestRateSlider">
        <test-method signature="validateInterestRateSlider()[pri:0, instance:testCases.TC_3_05_EMICalculator_ValidatingInterestRateSlider@3eb738bb]" started-at="2024-03-21T08:51:46 IST" name="validateInterestRateSlider" finished-at="2024-03-21T08:51:47 IST" duration-ms="472" status="PASS">
          <reporter-output>
          </reporter-output>
        </test-method> <!-- validateInterestRateSlider -->
      </class> <!-- testCases.TC_3_05_EMICalculator_ValidatingInterestRateSlider -->
      <class name="testCases.TC_1_01_ParsingRequiredValuesToTheRespectiveFields">
        <test-method is-config="true" signature="setUp(java.lang.String)[pri:0, instance:testCases.TC_1_01_ParsingRequiredValuesToTheRespectiveFields@5aa9e4eb]" started-at="2024-03-21T08:51:24 IST" name="setUp" finished-at="2024-03-21T08:51:32 IST" duration-ms="7595" status="PASS">
          <params>
            <param index="0">
              <value>
                <![CDATA[chrome]]>
              </value>
            </param>
          </params>
          <reporter-output>
          </reporter-output>
        </test-method> <!-- setUp -->
        <test-method signature="parseDatas()[pri:0, instance:testCases.TC_1_01_ParsingRequiredValuesToTheRespectiveFields@5aa9e4eb]" started-at="2024-03-21T08:51:32 IST" name="parseDatas" finished-at="2024-03-21T08:51:33 IST" duration-ms="1389" status="PASS">
          <reporter-output>
          </reporter-output>
        </test-method> <!-- parseDatas -->
        <test-method is-config="true" signature="tearDown()[pri:0, instance:testCases.TC_1_01_ParsingRequiredValuesToTheRespectiveFields@5aa9e4eb]" started-at="2024-03-21T08:52:24 IST" name="tearDown" finished-at="2024-03-21T08:52:25 IST" duration-ms="1145" status="PASS">
          <reporter-output>
          </reporter-output>
        </test-method> <!-- tearDown -->
      </class> <!-- testCases.TC_1_01_ParsingRequiredValuesToTheRespectiveFields -->
      <class name="testCases.TC_3_26_LoanTenureCalculator_ValidatingLoanAmountSlider">
        <test-method signature="validateLoanAmountSlider()[pri:0, instance:testCases.TC_3_26_LoanTenureCalculator_ValidatingLoanAmountSlider@3c9754d8]" started-at="2024-03-21T08:52:09 IST" name="validateLoanAmountSlider" finished-at="2024-03-21T08:52:10 IST" duration-ms="694" status="PASS">
          <reporter-output>
          </reporter-output>
        </test-method> <!-- validateLoanAmountSlider -->
      </class> <!-- testCases.TC_3_26_LoanTenureCalculator_ValidatingLoanAmountSlider -->
      <class name="testCases.TC_3_15_LoanAmtCalculator_IntegressionTestingForEMITextBoxAndSlider">
        <test-method signature="validatingDataFlowBetweenEMISliderAndTextBox()[pri:0, instance:testCases.TC_3_15_LoanAmtCalculator_IntegressionTestingForEMITextBoxAndSlider@7eac9008]" started-at="2024-03-21T08:51:56 IST" name="validatingDataFlowBetweenEMISliderAndTextBox" finished-at="2024-03-21T08:51:58 IST" duration-ms="1561" status="FAIL">
          <exception class="java.lang.AssertionError">
            <message>
              <![CDATA[null]]>
            </message>
            <full-stacktrace>
              <![CDATA[java.lang.AssertionError: null
at org.testng.Assert.fail(Assert.java:111)
at org.testng.Assert.fail(Assert.java:116)
at utilities.Assertions.fail(Assertions.java:13)
at testCases.TC_3_15_LoanAmtCalculator_IntegressionTestingForEMITextBoxAndSlider.validatingDataFlowBetweenEMISliderAndTextBox(TC_3_15_LoanAmtCalculator_IntegressionTestingForEMITextBoxAndSlider.java:49)
at java.base/jdk.internal.reflect.NativeMethodAccessorImpl.invoke0(Native Method)
at java.base/jdk.internal.reflect.NativeMethodAccessorImpl.invoke(NativeMethodAccessorImpl.java:77)
at java.base/jdk.internal.reflect.DelegatingMethodAccessorImpl.invoke(DelegatingMethodAccessorImpl.java:43)
at java.base/java.lang.reflect.Method.invoke(Method.java:568)
at org.testng.internal.invokers.MethodInvocationHelper.invokeMethod(MethodInvocationHelper.java:139)
at org.testng.internal.invokers.TestInvoker.invokeMethod(TestInvoker.java:664)
at org.testng.internal.invokers.TestInvoker.invokeTestMethod(TestInvoker.java:228)
at org.testng.internal.invokers.MethodRunner.runInSequence(MethodRunner.java:63)
at org.testng.internal.invokers.TestInvoker$MethodInvocationAgent.invoke(TestInvoker.java:961)
at org.testng.internal.invokers.TestInvoker.invokeTestMethods(TestInvoker.java:201)
at org.testng.internal.invokers.TestMethodWorker.invokeTestMethods(TestMethodWorker.java:148)
at org.testng.internal.invokers.TestMethodWorker.run(TestMethodWorker.java:128)
at java.base/java.util.ArrayList.forEach(ArrayList.java:1511)
at org.testng.TestRunner.privateRun(TestRunner.java:819)
at org.testng.TestRunner.run(TestRunner.java:619)
at org.testng.SuiteRunner.runTest(SuiteRunner.java:443)
at org.testng.SuiteRunner.runSequentially(SuiteRunner.java:437)
at org.testng.SuiteRunner.privateRun(SuiteRunner.java:397)
at org.testng.SuiteRunner.run(SuiteRunner.java:336)
at org.testng.SuiteRunnerWorker.runSuite(SuiteRunnerWorker.java:52)
at org.testng.SuiteRunnerWorker.run(SuiteRunnerWorker.java:95)
at org.testng.TestNG.runSuitesSequentially(TestNG.java:1301)
at org.testng.TestNG.runSuitesLocally(TestNG.java:1228)
at org.testng.TestNG.runSuites(TestNG.java:1134)
at org.testng.TestNG.run(TestNG.java:1101)
at org.testng.remote.AbstractRemoteTestNG.run(AbstractRemoteTestNG.java:115)
at org.testng.remote.RemoteTestNG.initAndRun(RemoteTestNG.java:251)
at org.testng.remote.RemoteTestNG.main(RemoteTestNG.java:77)
]]>
            </full-stacktrace>
          </exception> <!-- java.lang.AssertionError -->
          <reporter-output>
          </reporter-output>
        </test-method> <!-- validatingDataFlowBetweenEMISliderAndTextBox -->
      </class> <!-- testCases.TC_3_15_LoanAmtCalculator_IntegressionTestingForEMITextBoxAndSlider -->
      <class name="testCases.TC_3_22_LoanAmtCalculator_ValidatingFeesAndChargesTextBox">
        <test-method signature="validateFeesAndChargesTextBox()[pri:0, instance:testCases.TC_3_22_LoanAmtCalculator_ValidatingFeesAndChargesTextBox@489115ef]" started-at="2024-03-21T08:52:05 IST" name="validateFeesAndChargesTextBox" finished-at="2024-03-21T08:52:05 IST" duration-ms="604" status="PASS">
          <reporter-output>
          </reporter-output>
        </test-method> <!-- validateFeesAndChargesTextBox -->
      </class> <!-- testCases.TC_3_22_LoanAmtCalculator_ValidatingFeesAndChargesTextBox -->
      <class name="testCases.TC_1_02_DisplayingTheEMIPaymentTable">
        <test-method signature="displayResult()[pri:0, instance:testCases.TC_1_02_DisplayingTheEMIPaymentTable@662ac478]" started-at="2024-03-21T08:51:33 IST" name="displayResult" finished-at="2024-03-21T08:51:35 IST" duration-ms="1378" status="PASS">
          <reporter-output>
          </reporter-output>
        </test-method> <!-- displayResult -->
      </class> <!-- testCases.TC_1_02_DisplayingTheEMIPaymentTable -->
      <class name="testCases.TC_3_09_EMICalculator_IntegressionTestingForLoanTenureTextBoxAndSlider">
        <test-method signature="validatingDataFlowBetweenLoanTenureSliderAndTextBox()[pri:0, instance:testCases.TC_3_09_EMICalculator_IntegressionTestingForLoanTenureTextBoxAndSlider@6f03482]" started-at="2024-03-21T08:51:50 IST" name="validatingDataFlowBetweenLoanTenureSliderAndTextBox" finished-at="2024-03-21T08:51:52 IST" duration-ms="1908" status="PASS">
          <reporter-output>
          </reporter-output>
        </test-method> <!-- validatingDataFlowBetweenLoanTenureSliderAndTextBox -->
      </class> <!-- testCases.TC_3_09_EMICalculator_IntegressionTestingForLoanTenureTextBoxAndSlider -->
      <class name="testCases.TC_2_01_StoringTheYearTableInTheExcel">
        <test-method signature="storeTable()[pri:0, instance:testCases.TC_2_01_StoringTheYearTableInTheExcel@3eb25e1a]" started-at="2024-03-21T08:51:35 IST" name="storeTable" finished-at="2024-03-21T08:51:42 IST" duration-ms="7128" status="PASS">
          <reporter-output>
          </reporter-output>
        </test-method> <!-- storeTable -->
      </class> <!-- testCases.TC_2_01_StoringTheYearTableInTheExcel -->
      <class name="testCases.TC_3_27_LoanTenureCalculator_IntegressionTestingForLoanAmountTextBoxAndSlider">
        <test-method signature="validatingDataFlowBetweenLoanAmountSliderAndTextBox()[pri:0, instance:testCases.TC_3_27_LoanTenureCalculator_IntegressionTestingForLoanAmountTextBoxAndSlider@3bf7ca37]" started-at="2024-03-21T08:52:10 IST" name="validatingDataFlowBetweenLoanAmountSliderAndTextBox" finished-at="2024-03-21T08:52:11 IST" duration-ms="1549" status="PASS">
          <reporter-output>
          </reporter-output>
        </test-method> <!-- validatingDataFlowBetweenLoanAmountSliderAndTextBox -->
      </class> <!-- testCases.TC_3_27_LoanTenureCalculator_IntegressionTestingForLoanAmountTextBoxAndSlider -->
      <class name="testCases.TC_3_13_LoanAmtCalculator_ValidatingEMITextBox">
        <test-method signature="validatingValidatingEMITextBox()[pri:0, instance:testCases.TC_3_13_LoanAmtCalculator_ValidatingEMITextBox@3cd3e762]" started-at="2024-03-21T08:51:55 IST" name="validatingValidatingEMITextBox" finished-at="2024-03-21T08:51:56 IST" duration-ms="569" status="PASS">
          <reporter-output>
          </reporter-output>
        </test-method> <!-- validatingValidatingEMITextBox -->
      </class> <!-- testCases.TC_3_13_LoanAmtCalculator_ValidatingEMITextBox -->
      <class name="testCases.TC_3_24_LoanAmtCalculator_IntegressionTestingForFeesAndChargesTextBoxAndSlider">
        <test-method signature="validatingDataFlowBetweenFeesAndChargesSliderAndTextBox()[pri:0, instance:testCases.TC_3_24_LoanAmtCalculator_IntegressionTestingForFeesAndChargesTextBoxAndSlider@198b6731]" started-at="2024-03-21T08:52:06 IST" name="validatingDataFlowBetweenFeesAndChargesSliderAndTextBox" finished-at="2024-03-21T08:52:08 IST" duration-ms="1489" status="PASS">
          <reporter-output>
          </reporter-output>
        </test-method> <!-- validatingDataFlowBetweenFeesAndChargesSliderAndTextBox -->
      </class> <!-- testCases.TC_3_24_LoanAmtCalculator_IntegressionTestingForFeesAndChargesTextBoxAndSlider -->
      <class name="testCases.TC_3_30_LoanTenureCalculator_IntegressionTestingForEMITextBoxAndSlider">
        <test-method signature="validatingDataFlowBetweenEMISliderAndTextBox()[pri:0, instance:testCases.TC_3_30_LoanTenureCalculator_IntegressionTestingForEMITextBoxAndSlider@4b2bac3f]" started-at="2024-03-21T08:52:13 IST" name="validatingDataFlowBetweenEMISliderAndTextBox" finished-at="2024-03-21T08:52:15 IST" duration-ms="1608" status="FAIL">
          <exception class="java.lang.AssertionError">
            <message>
              <![CDATA[null]]>
            </message>
            <full-stacktrace>
              <![CDATA[java.lang.AssertionError: null
at org.testng.Assert.fail(Assert.java:111)
at org.testng.Assert.fail(Assert.java:116)
at utilities.Assertions.fail(Assertions.java:13)
at testCases.TC_3_30_LoanTenureCalculator_IntegressionTestingForEMITextBoxAndSlider.validatingDataFlowBetweenEMISliderAndTextBox(TC_3_30_LoanTenureCalculator_IntegressionTestingForEMITextBoxAndSlider.java:49)
at java.base/jdk.internal.reflect.NativeMethodAccessorImpl.invoke0(Native Method)
at java.base/jdk.internal.reflect.NativeMethodAccessorImpl.invoke(NativeMethodAccessorImpl.java:77)
at java.base/jdk.internal.reflect.DelegatingMethodAccessorImpl.invoke(DelegatingMethodAccessorImpl.java:43)
at java.base/java.lang.reflect.Method.invoke(Method.java:568)
at org.testng.internal.invokers.MethodInvocationHelper.invokeMethod(MethodInvocationHelper.java:139)
at org.testng.internal.invokers.TestInvoker.invokeMethod(TestInvoker.java:664)
at org.testng.internal.invokers.TestInvoker.invokeTestMethod(TestInvoker.java:228)
at org.testng.internal.invokers.MethodRunner.runInSequence(MethodRunner.java:63)
at org.testng.internal.invokers.TestInvoker$MethodInvocationAgent.invoke(TestInvoker.java:961)
at org.testng.internal.invokers.TestInvoker.invokeTestMethods(TestInvoker.java:201)
at org.testng.internal.invokers.TestMethodWorker.invokeTestMethods(TestMethodWorker.java:148)
at org.testng.internal.invokers.TestMethodWorker.run(TestMethodWorker.java:128)
at java.base/java.util.ArrayList.forEach(ArrayList.java:1511)
at org.testng.TestRunner.privateRun(TestRunner.java:819)
at org.testng.TestRunner.run(TestRunner.java:619)
at org.testng.SuiteRunner.runTest(SuiteRunner.java:443)
at org.testng.SuiteRunner.runSequentially(SuiteRunner.java:437)
at org.testng.SuiteRunner.privateRun(SuiteRunner.java:397)
at org.testng.SuiteRunner.run(SuiteRunner.java:336)
at org.testng.SuiteRunnerWorker.runSuite(SuiteRunnerWorker.java:52)
at org.testng.SuiteRunnerWorker.run(SuiteRunnerWorker.java:95)
at org.testng.TestNG.runSuitesSequentially(TestNG.java:1301)
at org.testng.TestNG.runSuitesLocally(TestNG.java:1228)
at org.testng.TestNG.runSuites(TestNG.java:1134)
at org.testng.TestNG.run(TestNG.java:1101)
at org.testng.remote.AbstractRemoteTestNG.run(AbstractRemoteTestNG.java:115)
at org.testng.remote.RemoteTestNG.initAndRun(RemoteTestNG.java:251)
at org.testng.remote.RemoteTestNG.main(RemoteTestNG.java:77)
]]>
            </full-stacktrace>
          </exception> <!-- java.lang.AssertionError -->
          <reporter-output>
          </reporter-output>
        </test-method> <!-- validatingDataFlowBetweenEMISliderAndTextBox -->
      </class> <!-- testCases.TC_3_30_LoanTenureCalculator_IntegressionTestingForEMITextBoxAndSlider -->
      <class name="testCases.TC_3_28_LoanTenureCalculator_ValidatingEMITextBox">
        <test-method signature="validatingValidatingEMITextBox()[pri:0, instance:testCases.TC_3_28_LoanTenureCalculator_ValidatingEMITextBox@79079097]" started-at="2024-03-21T08:52:12 IST" name="validatingValidatingEMITextBox" finished-at="2024-03-21T08:52:12 IST" duration-ms="646" status="PASS">
          <reporter-output>
          </reporter-output>
        </test-method> <!-- validatingValidatingEMITextBox -->
      </class> <!-- testCases.TC_3_28_LoanTenureCalculator_ValidatingEMITextBox -->
      <class name="testCases.TC_3_17_LoanAmtCalculator_ValidatingInterestRateSlider">
        <test-method signature="validatingDataFlowBetweenInterestRateSliderAndTextBox()[pri:0, instance:testCases.TC_3_17_LoanAmtCalculator_ValidatingInterestRateSlider@62ddbd7e]" started-at="2024-03-21T08:51:59 IST" name="validatingDataFlowBetweenInterestRateSliderAndTextBox" finished-at="2024-03-21T08:52:00 IST" duration-ms="629" status="PASS">
          <reporter-output>
          </reporter-output>
        </test-method> <!-- validatingDataFlowBetweenInterestRateSliderAndTextBox -->
      </class> <!-- testCases.TC_3_17_LoanAmtCalculator_ValidatingInterestRateSlider -->
      <class name="testCases.TC_3_06_EMICalculator_IntegressionTestingForInterestRateTextBoxAndSlider">
        <test-method signature="validatingDataFlowBetweenInterestRateSliderAndTextBox()[pri:0, instance:testCases.TC_3_06_EMICalculator_IntegressionTestingForInterestRateTextBoxAndSlider@5bda8e08]" started-at="2024-03-21T08:51:47 IST" name="validatingDataFlowBetweenInterestRateSliderAndTextBox" finished-at="2024-03-21T08:51:49 IST" duration-ms="1636" status="PASS">
          <reporter-output>
          </reporter-output>
        </test-method> <!-- validatingDataFlowBetweenInterestRateSliderAndTextBox -->
      </class> <!-- testCases.TC_3_06_EMICalculator_IntegressionTestingForInterestRateTextBoxAndSlider -->
      <class name="testCases.TC_3_01_EMICalculator_ValidatingLoanAmountTextBox">
        <test-method signature="validateLoanAmountTextBox()[pri:0, instance:testCases.TC_3_01_EMICalculator_ValidatingLoanAmountTextBox@477b4cdf]" started-at="2024-03-21T08:51:42 IST" name="validateLoanAmountTextBox" finished-at="2024-03-21T08:51:43 IST" duration-ms="793" status="PASS">
          <reporter-output>
          </reporter-output>
        </test-method> <!-- validateLoanAmountTextBox -->
      </class> <!-- testCases.TC_3_01_EMICalculator_ValidatingLoanAmountTextBox -->
      <class name="testCases.TC_3_25_LoanTenureCalculator_ValidatingLoanAmountTextBox">
        <test-method signature="validateLoanAmountTextBox()[pri:0, instance:testCases.TC_3_25_LoanTenureCalculator_ValidatingLoanAmountTextBox@7c6908d7]" started-at="2024-03-21T08:52:08 IST" name="validateLoanAmountTextBox" finished-at="2024-03-21T08:52:09 IST" duration-ms="734" status="PASS">
          <reporter-output>
          </reporter-output>
        </test-method> <!-- validateLoanAmountTextBox -->
      </class> <!-- testCases.TC_3_25_LoanTenureCalculator_ValidatingLoanAmountTextBox -->
      <class name="testCases.TC_3_23_LoanAmtCalculator_ValidatingFeesAndChargesSlider">
        <test-method signature="validateFeesAndChargesSlider()[pri:0, instance:testCases.TC_3_23_LoanAmtCalculator_ValidatingFeesAndChargesSlider@3857f613]" started-at="2024-03-21T08:52:05 IST" name="validateFeesAndChargesSlider" finished-at="2024-03-21T08:52:06 IST" duration-ms="722" status="PASS">
          <reporter-output>
          </reporter-output>
        </test-method> <!-- validateFeesAndChargesSlider -->
      </class> <!-- testCases.TC_3_23_LoanAmtCalculator_ValidatingFeesAndChargesSlider -->
      <class name="testCases.TC_3_08_EMICalculator_ValidatingLoanTenureSlider">
        <test-method signature="validateLoanTenureSlider()[pri:0, instance:testCases.TC_3_08_EMICalculator_ValidatingLoanTenureSlider@185a6e9]" started-at="2024-03-21T08:51:50 IST" name="validateLoanTenureSlider" finished-at="2024-03-21T08:51:50 IST" duration-ms="467" status="PASS">
          <reporter-output>
          </reporter-output>
        </test-method> <!-- validateLoanTenureSlider -->
      </class> <!-- testCases.TC_3_08_EMICalculator_ValidatingLoanTenureSlider -->
      <class name="testCases.TC_3_11_EMICalculator_ValidatingFeesAndChargesSlider">
        <test-method signature="validateFeesAndChargesSlider()[pri:0, instance:testCases.TC_3_11_EMICalculator_ValidatingFeesAndChargesSlider@179ece50]" started-at="2024-03-21T08:51:53 IST" name="validateFeesAndChargesSlider" finished-at="2024-03-21T08:51:53 IST" duration-ms="445" status="PASS">
          <reporter-output>
          </reporter-output>
        </test-method> <!-- validateFeesAndChargesSlider -->
      </class> <!-- testCases.TC_3_11_EMICalculator_ValidatingFeesAndChargesSlider -->
      <class name="testCases.TC_3_37_IntegrationTestingForYearAndMonthOption">
        <test-method signature="validatingDataFlowBetweenYearAndMonthButton()[pri:0, instance:testCases.TC_3_37_IntegrationTestingForYearAndMonthOption@2cd76f31]" started-at="2024-03-21T08:52:22 IST" name="validatingDataFlowBetweenYearAndMonthButton" finished-at="2024-03-21T08:52:24 IST" duration-ms="1547" status="PASS">
          <reporter-output>
          </reporter-output>
        </test-method> <!-- validatingDataFlowBetweenYearAndMonthButton -->
      </class> <!-- testCases.TC_3_37_IntegrationTestingForYearAndMonthOption -->
      <class name="testCases.TC_3_02_EMICalculator_ValidatingLoanAmountSlider">
        <test-method signature="validateLoanAmountSlider()[pri:0, instance:testCases.TC_3_02_EMICalculator_ValidatingLoanAmountSlider@77c2494c]" started-at="2024-03-21T08:51:43 IST" name="validateLoanAmountSlider" finished-at="2024-03-21T08:51:44 IST" duration-ms="616" status="PASS">
          <reporter-output>
          </reporter-output>
        </test-method> <!-- validateLoanAmountSlider -->
      </class> <!-- testCases.TC_3_02_EMICalculator_ValidatingLoanAmountSlider -->
      <class name="testCases.TC_3_12_EMICalculator_IntegressionTestingForFeesAndChargesTextBoxAndSlider">
        <test-method signature="validatingDataFlowBetweenFeesAndChargesSliderAndTextBox()[pri:0, instance:testCases.TC_3_12_EMICalculator_IntegressionTestingForFeesAndChargesTextBoxAndSlider@3b0090a4]" started-at="2024-03-21T08:51:53 IST" name="validatingDataFlowBetweenFeesAndChargesSliderAndTextBox" finished-at="2024-03-21T08:51:55 IST" duration-ms="1547" status="PASS">
          <reporter-output>
          </reporter-output>
        </test-method> <!-- validatingDataFlowBetweenFeesAndChargesSliderAndTextBox -->
      </class> <!-- testCases.TC_3_12_EMICalculator_IntegressionTestingForFeesAndChargesTextBoxAndSlider -->
      <class name="testCases.TC_3_16_LoanAmtCalculator_ValidatingInterestRateTextBox">
        <test-method signature="validateInterestRateTextBox()[pri:0, instance:testCases.TC_3_16_LoanAmtCalculator_ValidatingInterestRateTextBox@4116aac9]" started-at="2024-03-21T08:51:58 IST" name="validateInterestRateTextBox" finished-at="2024-03-21T08:51:59 IST" duration-ms="656" status="PASS">
          <reporter-output>
          </reporter-output>
        </test-method> <!-- validateInterestRateTextBox -->
      </class> <!-- testCases.TC_3_16_LoanAmtCalculator_ValidatingInterestRateTextBox -->
      <class name="testCases.TC_3_14_LoanAmtCalculator_ValidatingEMISlider">
        <test-method signature="validatingEMISlider()[pri:0, instance:testCases.TC_3_14_LoanAmtCalculator_ValidatingEMISlider@1fa121e2]" started-at="2024-03-21T08:51:56 IST" name="validatingEMISlider" finished-at="2024-03-21T08:51:56 IST" duration-ms="552" status="PASS">
          <reporter-output>
          </reporter-output>
        </test-method> <!-- validatingEMISlider -->
      </class> <!-- testCases.TC_3_14_LoanAmtCalculator_ValidatingEMISlider -->
      <class name="testCases.TC_3_10_EMICalculator_ValidatingFeesAndChargesTextBox">
        <test-method signature="validateFeesAndChargesTextBox()[pri:0, instance:testCases.TC_3_10_EMICalculator_ValidatingFeesAndChargesTextBox@9d5509a]" started-at="2024-03-21T08:51:52 IST" name="validateFeesAndChargesTextBox" finished-at="2024-03-21T08:51:53 IST" duration-ms="407" status="PASS">
          <reporter-output>
          </reporter-output>
        </test-method> <!-- validateFeesAndChargesTextBox -->
      </class> <!-- testCases.TC_3_10_EMICalculator_ValidatingFeesAndChargesTextBox -->
      <class name="testCases.TC_3_03_EMICalculator_IntegressionTestingForLoanAmountTextBoxAndSlider">
        <test-method signature="validatingDataFlowBetweenLoanAmountSliderAndTextBox()[pri:0, instance:testCases.TC_3_03_EMICalculator_IntegressionTestingForLoanAmountTextBoxAndSlider@f5958c9]" started-at="2024-03-21T08:51:44 IST" name="validatingDataFlowBetweenLoanAmountSliderAndTextBox" finished-at="2024-03-21T08:51:45 IST" duration-ms="1511" status="PASS">
          <reporter-output>
          </reporter-output>
        </test-method> <!-- validatingDataFlowBetweenLoanAmountSliderAndTextBox -->
      </class> <!-- testCases.TC_3_03_EMICalculator_IntegressionTestingForLoanAmountTextBoxAndSlider -->
      <class name="testCases.TC_3_04_EMICalculator_ValidatingInterestRateTextBox">
        <test-method signature="validateInterestRateTextBox()[pri:0, instance:testCases.TC_3_04_EMICalculator_ValidatingInterestRateTextBox@233795b6]" started-at="2024-03-21T08:51:46 IST" name="validateInterestRateTextBox" finished-at="2024-03-21T08:51:46 IST" duration-ms="607" status="PASS">
          <reporter-output>
          </reporter-output>
        </test-method> <!-- validateInterestRateTextBox -->
      </class> <!-- testCases.TC_3_04_EMICalculator_ValidatingInterestRateTextBox -->
      <class name="testCases.TC_3_33_LoanTenureCalculator_IntegressionTestingForInterestRateTextBoxAndSlider">
        <test-method signature="validateDataFlowBetweenInterestRateSliderAndTextBox()[pri:0, instance:testCases.TC_3_33_LoanTenureCalculator_IntegressionTestingForInterestRateTextBoxAndSlider@26794848]" started-at="2024-03-21T08:52:17 IST" name="validateDataFlowBetweenInterestRateSliderAndTextBox" finished-at="2024-03-21T08:52:19 IST" duration-ms="1791" status="PASS">
          <reporter-output>
          </reporter-output>
        </test-method> <!-- validateDataFlowBetweenInterestRateSliderAndTextBox -->
      </class> <!-- testCases.TC_3_33_LoanTenureCalculator_IntegressionTestingForInterestRateTextBoxAndSlider -->
    </test> <!-- Test -->
  </suite> <!-- Suite -->
</testng-results>
